Polygon:0xa02d0c3d16d6ee0e0b6a42c3cc91997c2b40c87d777136dedebe8ee0f47f32b1
Polygon:0x31957ecc43774d19f54d9968e95c69c882468b46860f921668f2c55fadd51b19
Arbitrum:0x5db5c2400ab56db697b3cc9aa02a05deab658e1438ce2f8692ca009cc45171dd
Arbitrum:0xa9ff2b587e2741575daf893864710a5cbb44bb64ccdc487a100fa20741e0f74d
Arbitrum:0x0e29dcf4e9b211a811caf00fc8294024867bffe4ab2819cc1625d2e9d62390af
Polygon:0x10f2c28f5d6cd8d7b56210b4d5e0cece27e45a30808cd3d3443c05d4275bb008
Arbitrum:0xb1141785b7b94eb37c39c37f0272744c6e79ca1517529fec3f4af59d4c3c37ef
BSC:0x7d04e953dad4c880ad72b655a9f56bc5638bf4908213ee9e74360e56fa8d7c6a
Arbitrum:0x44a0f5650a038ab522087c02f734b80e6c748afb207995e757ed67ca037a5eda
Arbitrum:0x3c6e053faecd331883641c1d23c9d9d37d065e4f9c4086e94a3c34bf8702618a
Arbitrum:0xfda5464e97043a2d0093cbed6d0a64f6a86049f5e9608c014396a7390188670e
Arbitrum:0xf9baf8cee8973cf9700ae1b1f41c625d7a2abdbcbc222582d24a8f2f790d0b5a
Arbitrum:0xb1be5dee3852c818af742f5dd44def285b497ffc5c2eda0d893af542a09fb25a
Arbitrum:0x864c8cfb8c54d3439613e6bd0d81a5ea2c5d0ad25c9af11afd190e5ea4dcfc1f
Avalanch:0x96d90b23678b34e9ff324bdef7a18bf190289afff848a26882a1fe3110bf9714
Avalanch:0x547aea57ae199779afe1f04473cd9a33aba6330df2c80e4d9d033ad3fb4f6e8d
Polygon:0xa02d0c3d16d6ee0e0b6a42c3cc91997c2b40c87d777136dedebe8ee0f47f32b1
Polygon:0x31957ecc43774d19f54d9968e95c69c882468b46860f921668f2c55fadd51b19
Polygon:0xa02d0c3d16d6ee0e0b6a42c3cc91997c2b40c87d777136dedebe8ee0f47f32b1
Polygon:0x31957ecc43774d19f54d9968e95c69c882468b46860f921668f2c55fadd51b19
BSC:0x2c110663cbce4aef8bfbe2f729de5f18ca1ae50bada00bc35584ed354d2fde20
ETH:0xa6d90abe17d17743a9cecab84bcefb0fd0bbfa0c61bba60fd2f680b0a2f077fe
BSC:0x660837a1640dd9cc0561ab7ff6c85325edebfa17d8b11a3bb94457ba6dcae18c
BSC:0x3ad998a01ad1f1bbe6dba6a08e658c1749dabfa4a07da20ded3c73bcd6970d20
BSC:0x1350cc72865420ba5d3c27234fd4665ad25c021b0a75ba03bc8340a1b1f98a45
zkSync-Era:0x4156d73cadc18419220f5bcf10deb4d97a3d3f7533d63ba90daeabc5fd11ba17
Linea:0xed11d5b013bf3296b1507da38b7bcb97845dd037d33d3d1b0c5e763889cdbed1
Linea:0x37434e674efc4e7cfeed7746095301ace5636028906fe548b786ead286e35eb0
ETH:0x46c001fb4149c2381196c8e1428d966dc44dd46061f8ecf8383a5363adeee312
ETH:0x57ff54bda419773a31653fe63dbb00981b6e971b4c2b2b650c2f10b4342f8464
ETH:0xd82fe84e63b1aa52e1ce540582ee0895ba4a71ec5e7a632a3faa1aff3e763873
ETH:0xb569340f147cb6d5722490221ba65950a870aaa4db6ab835b8aa128c5dee36b3
ETH:0x758efef41e60c0f218682e2fa027c54d8b67029d193dd7277d6a881a24b9a561
BSC:0x6ba4152db9da45f5751f2c083bf77d4b3385373d5660c51fe2e4382718afd9b4
BSC:0x51dfa4311d6989c21b460590460a94f854446176fc184b8d1a16314fd043f737
BSC:0x2abf871eb91d03bc8145bf2a415e79132a103ae9f2b5bbf18b8342ea9207ccd7
BSC:0x93372ce9c86a25f1477b0c3068e745b5b829d5b58025bb1ab234230d3473b776
BSC:0x51dfa4311d6989c21b460590460a94f854446176fc184b8d1a16314fd043f737
BSC:0xbeea4ff215b15870e22ed0e4d36ccd595974ffd55c3d75dad2230196cc379a52
BSC:0x7312d9f9c13fc69f00f58e92a112a3e7f036ced7e65f7e0fa67382488d5557dc
Polygon:0xe28ca1f43036f4768776805fb50906f8172f75eba3bf1d9866bcd64361fda834
Arbitrum:0x6301d4c9f7ac1c96a65e83be6ea2fff5000f0b1939ad24955e40890bd9fe6122
Arbitrum:0xff368294ccb3cd6e7e263526b5c820b22dea2b2fd8617119ba5c3ab8417403d8
Arbitrum:0xff368294ccb3cd6e7e263526b5c820b22dea2b2fd8617119ba5c3ab8417403d8
Arbitrum:0xe74641b4b7e9c9eb7ab46082f322efbc510b8d39af609d934f41c41d7057fe49
Arbitrum:0xfaf84cabc3e1b0cf1ff1738dace1b2810f42d98baeea17b146ae032f0bdf82d5
Arbitrum:0xc523c6307b025ebd9aef155ba792d1ba18d5d83f97c7a846f267d3d9a3004e8c
ETH:0x8b3e0e3ea04829f941ca24c85032c3b4aeb1f8b1b278262901c2c5847dc72f1cETH:0x5dc519726e1236eb846271f6699e03cdd1a8fd593a2900c71cd2aabbdb7c92e6
arbitrum:0xcb1a2f5eeb1a767ea5ccbc3665351fadc1af135d12a38c504f8f6eb997e9e603
ETH:0x5dc519726e1236eb846271f6699e03cdd1a8fd593a2900c71cd2aabbdb7c92e6
BSC:0xcf834aff4de9992f5da9c443600dad9c6277a8a00de5007842fece51564992db
BSC:0x636be30e58acce0629b2bf975b5c3133840cd7d41ffc3b903720c528f01c65d9
BSC:0xdcaedeeaa228b7e9f86ade270cde9af9fd99395e90f9bb71f9c5ac60b703d649
BSC:0x813b5af69a490becf9c19c19a19e0fa9ec53f086a90ed3ce7d1a0b3786e5f6bf
BSC:0x397a09af6494c0bfcd89e010f5dd65d90f3ee1cf1ff813ce5b0c1d42a1c8dec9
BSC:0x849ed7f687cc2ebd1f7c4bed0849893e829a74f512b7f4a18aea39a3ef4d83b1
ETH:0x00a3da68f0f6a69cb067f09c3f7e741a01636cbc27a84c603b468f65271d415b
:0x4f2005e3815c15d1a9abd8588dd1464769a00414a6b7adcbfd75a5331d378e1d
